--
-- PostgreSQL database dump
--

SET statement_timeout = 0;
SET client_encoding = 'UTF8';
SET standard_conforming_strings = on;
SET check_function_bodies = false;
SET client_min_messages = warning;

SET search_path = public, pg_catalog;

--
-- Data for Name: tag_groups; Type: TABLE DATA; Schema: public; Owner: ubuntu
--

INSERT INTO tag_groups VALUES (5, 'Divorce', 'Skilsmisse');
INSERT INTO tag_groups VALUES (8, 'Other', 'Annet');
INSERT INTO tag_groups VALUES (9, '_Task', '_Task');
INSERT INTO tag_groups VALUES (1, 'Birth', 'Fødsel');
INSERT INTO tag_groups VALUES (2, 'Marriage', 'Ekteskap');
INSERT INTO tag_groups VALUES (3, 'Death', 'Død');
INSERT INTO tag_groups VALUES (4, 'Burial', 'Begravelse');


--
-- PostgreSQL database dump complete
--

