--
-- PostgreSQL database dump
--

SET statement_timeout = 0;
SET client_encoding = 'UTF8';
SET standard_conforming_strings = on;
SET check_function_bodies = false;
SET client_min_messages = warning;

SET search_path = public, pg_catalog;

--
-- Data for Name: months; Type: TABLE DATA; Schema: public; Owner: ubuntu
--

INSERT INTO months VALUES (0, '   ', '', '', NULL);
INSERT INTO months VALUES (1, 'JAN', 'January', 'januar', NULL);
INSERT INTO months VALUES (2, 'FEB', 'February', 'februar', NULL);
INSERT INTO months VALUES (3, 'MAR', 'March', 'mars', NULL);
INSERT INTO months VALUES (4, 'APR', 'April', 'april', NULL);
INSERT INTO months VALUES (5, 'MAY', 'May', 'mai', NULL);
INSERT INTO months VALUES (6, 'JUN', 'June', 'juni', NULL);
INSERT INTO months VALUES (7, 'JUL', 'July', 'juli', NULL);
INSERT INTO months VALUES (8, 'AUG', 'August', 'august', NULL);
INSERT INTO months VALUES (9, 'SEP', 'September', 'september', NULL);
INSERT INTO months VALUES (10, 'OCT', 'October', 'oktober', NULL);
INSERT INTO months VALUES (11, 'NOV', 'November', 'november', NULL);
INSERT INTO months VALUES (12, 'DEC', 'December', 'desember', NULL);


--
-- PostgreSQL database dump complete
--

