--
-- PostgreSQL database dump
--

SET statement_timeout = 0;
SET client_encoding = 'UTF8';
SET standard_conforming_strings = on;
SET check_function_bodies = false;
SET client_min_messages = warning;

SET search_path = public, pg_catalog;

--
-- Data for Name: place_level_desc; Type: TABLE DATA; Schema: public; Owner: ubuntu
--

INSERT INTO place_level_desc VALUES (1, 'level_1', 'Detail', 'Detalj');
INSERT INTO place_level_desc VALUES (2, 'level_2', 'City', 'Sogn');
INSERT INTO place_level_desc VALUES (3, 'level_3', 'County', 'Herred');
INSERT INTO place_level_desc VALUES (4, 'level_4', 'State', 'Fylke');
INSERT INTO place_level_desc VALUES (5, 'level_5', 'Country', 'Land');


--
-- PostgreSQL database dump complete
--

