--
-- PostgreSQL database dump
--

SET statement_timeout = 0;
SET client_encoding = 'UTF8';
SET standard_conforming_strings = on;
SET check_function_bodies = false;
SET client_min_messages = warning;

SET search_path = public, pg_catalog;

--
-- Data for Name: linkage_roles; Type: TABLE DATA; Schema: public; Owner: ubuntu
--

INSERT INTO linkage_roles VALUES (0, 'undefined', 'udefinert');
INSERT INTO linkage_roles VALUES (1, 'child', 'barn');
INSERT INTO linkage_roles VALUES (2, 'father', 'far');
INSERT INTO linkage_roles VALUES (3, 'mother', 'mor');
INSERT INTO linkage_roles VALUES (4, 'godparent', 'fadder');
INSERT INTO linkage_roles VALUES (99, 'other', 'andre');
INSERT INTO linkage_roles VALUES (100, 'self', 'self');


--
-- PostgreSQL database dump complete
--

