--
-- PostgreSQL database dump
--

SET statement_timeout = 0;
SET client_encoding = 'UTF8';
SET standard_conforming_strings = on;
SET check_function_bodies = false;
SET client_min_messages = warning;

SET search_path = public, pg_catalog;

--
-- Data for Name: sureties; Type: TABLE DATA; Schema: public; Owner: ubuntu
--

INSERT INTO sureties VALUES (3, 'certain', 'sikker');
INSERT INTO sureties VALUES (2, 'probable', 'trolig');
INSERT INTO sureties VALUES (1, 'possible', 'mulig');
INSERT INTO sureties VALUES (0, 'unknown', 'ukjent');
INSERT INTO sureties VALUES (-1, 'wrong', 'feil');


--
-- PostgreSQL database dump complete
--

