--
-- PostgreSQL database dump
--

SET statement_timeout = 0;
SET client_encoding = 'UTF8';
SET standard_conforming_strings = on;
SET check_function_bodies = false;
SET client_min_messages = warning;

SET search_path = public, pg_catalog;

--
-- Data for Name: my_links; Type: TABLE DATA; Schema: public; Owner: ubuntu
--

INSERT INTO my_links VALUES ('fs', '\[fas=(.+?)\]', '<a href="/prot/staffsearch/convict/chain/\1" target="_blank" title="View FAS life course for \1">#\1#</a>', NULL);
INSERT INTO my_links VALUES ('oh', '\[ohrm=(.+?)\]', '<a href="/prot/khrd/eac-complete/ohrm-web/biogs/\1b.htm" target="_blank" title="View legacy OHRM bio for \1">#\1#</a>(<a href="/prot/khrd/eac-complete/ohrm-web/eac/\1.xml" target="_blank" title="View legacy OHRM EAC xml for \1">eac</a>)', NULL);
INSERT INTO my_links VALUES ('lk', '\[lkt=(.+?)\]', '<a href="/pub/util/lkt/\1" target="_blank" title="LKT \1">#\1(lkt)#</a>', NULL);
INSERT INTO my_links VALUES ('xt', '\[xt=(.+?)\]', '<a href="/prot/xmldb/convict/src/\1?raw" target="_blank" title="View External XML for \1">#\1#</a>', NULL);
INSERT INTO my_links VALUES ('FM', 'FM(\d+)', '<a href="/prot/xmldbAjax/khrd/src/FM\1?FASTABLEHTML" target="_blank" title="Legacy LOAD from FM\1">#FM\1#</a>', NULL);
INSERT INTO my_links VALUES ('XE', '\[XE=(.+?)\]', '<a href="/prot/xmldbAjax/khrd/edit/Yg/\1?SAXONCEHTML" target="_blank" title="XML Structured Editing on \1">#EDIT:\1#</a>', NULL);
INSERT INTO my_links VALUES ('er', '\[er=(.+?)\]', '<a href="http://recordsearch.naa.gov.au/scripts/Imagine.asp?B=\1" target="_blank" title="View WWI enlistment record for barcode \1">#\1#</a>', NULL);
INSERT INTO my_links VALUES ('HY', '\[url=(.+?/([^\/]+))\]', '<a href="\1" target="_blank">#\2#</a>', NULL);
INSERT INTO my_links VALUES ('BX', '~([^~]+)~([^~]+)~', '<a href="http://founders-and-survivors.org/prot/rest/\1" title="xmldb query" target="_blank">#\2#</a>', 'basex rest');


--
-- PostgreSQL database dump complete
--

